#
# There is insufficient memory for the Java Runtime Environment to continue.
# Native memory allocation (malloc) failed to allocate 33456 bytes for Chunk::new
# Possible reasons:
#   The system is out of physical RAM or swap space
#   The process is running with CompressedOops enabled, and the Java Heap may be blocking the growth of the native heap
# Possible solutions:
#   Reduce memory load on the system
#   Increase physical memory or swap space
#   Check if swap backing store is full
#   Decrease Java heap size (-Xmx/-Xms)
#   Decrease number of Java threads
#   Decrease Java thread stack sizes (-Xss)
#   Set larger code cache with -XX:ReservedCodeCacheSize=
#   JVM is running with Unscaled Compressed Oops mode in which the Java heap is
#     placed in the first 4GB address space. The Java Heap base address is the
#     maximum limit for the native heap growth. Please use -XX:HeapBaseMinAddress
#     to set the Java Heap base and to place the Java Heap above 4GB virtual address.
# This output file may be truncated or incomplete.
#
#  Out of Memory Error (arena.cpp:184), pid=3992, tid=10216
#
# JRE version: Java(TM) SE Runtime Environment (18.0+36) (build 18+36-2087)
# Java VM: Java HotSpot(TM) 64-Bit Server VM (18+36-2087, mixed mode, sharing, tiered, compressed oops, compressed class ptrs, g1 gc, windows-amd64)
# No core dump will be written. Minidumps are not enabled by default on client versions of Windows
#

---------------  S U M M A R Y ------------

Command Line: -Dclassworlds.conf=C:\Program Files\NetBeans-13\netbeans\java\maven\bin\m2.conf -Dmaven.home=C:\Program Files\NetBeans-13\netbeans\java\maven -Dlibrary.jansi.path=C:\Program Files\NetBeans-13\netbeans\java\maven\lib\jansi-native -Dmaven.multiModuleProjectDirectory=E:\Kuliah\Pemrograman Berbasis Objek\RelasiAsosiasi org.codehaus.plexus.classworlds.launcher.Launcher -Dexec.vmArgs= -Dexec.args=${exec.vmArgs} -classpath %classpath ${exec.mainClass} ${exec.appArgs} -Dexec.executable=C:\Program Files\Java\jdk-18\bin\java.exe -Dexec.mainClass=com.rizkimugi.relasiasosiasi.RelasiAsosiasi -Dexec.classpathScope=runtime -Dexec.appArgs= -Dmaven.ext.class.path=C:\Program Files\NetBeans-13\netbeans\java\maven-nblib\netbeans-eventspy.jar org.codehaus.mojo:exec-maven-plugin:3.0.0:exec

Host: AMD A9-9425 RADEON R5, 5 COMPUTE CORES 2C+3G   , 2 cores, 3G,  Windows 10 , 64 bit Build 19041 (10.0.19041.1741)
Time: Tue Jun 21 16:12:23 2022 SE Asia Standard Time elapsed time: 1.667586 seconds (0d 0h 0m 1s)

---------------  T H R E A D  ---------------

Current thread (0x000001b86b032b70):  JavaThread "C2 CompilerThread0" daemon [_thread_in_native, id=10216, stack(0x0000006d04d00000,0x0000006d04e00000)]


Current CompileTask:
C2:   1667  402       4       java.lang.StringLatin1::lastIndexOf (40 bytes)

Stack: [0x0000006d04d00000,0x0000006d04e00000]
Native frames: (J=compiled Java code, j=interpreted, Vv=VM code, C=native code)
V  [jvm.dll+0x69804a]
V  [jvm.dll+0x7f308d]
V  [jvm.dll+0x7f499e]
V  [jvm.dll+0x7f5053]
V  [jvm.dll+0x25ca3f]
V  [jvm.dll+0xb8c2f]
V  [jvm.dll+0xb8fa5]
V  [jvm.dll+0x2c794f]
V  [jvm.dll+0x59fdb0]
V  [jvm.dll+0x237f1e]
V  [jvm.dll+0x231764]
V  [jvm.dll+0x22eeeb]
V  [jvm.dll+0x1b9cfc]
V  [jvm.dll+0x23e8ca]
V  [jvm.dll+0x23cbac]
V  [jvm.dll+0x7a5781]
V  [jvm.dll+0x79fbba]
V  [jvm.dll+0x696ef5]
C  [ucrtbase.dll+0x21bb2]
C  [KERNEL32.DLL+0x17034]
C  [ntdll.dll+0x52651]


---------------  P R O C E S S  ---------------

Threads class SMR info:
_java_thread_list=0x000001b86f413bc0, length=12, elements={
0x000001b8501c6940, 0x000001b86b015390, 0x000001b86b015f00, 0x000001b86b02f570,
0x000001b86b030e30, 0x000001b86b0316e0, 0x000001b86b031f90, 0x000001b86b032b70,
0x000001b86b09f3b0, 0x000001b86b0a4070, 0x000001b86f435a20, 0x000001b86f43d8e0
}

Java Threads: ( => current thread )
  0x000001b8501c6940 JavaThread "main" [_thread_in_vm, id=11488, stack(0x0000006d04000000,0x0000006d04100000)]
  0x000001b86b015390 JavaThread "Reference Handler" daemon [_thread_blocked, id=11820, stack(0x0000006d04700000,0x0000006d04800000)]
  0x000001b86b015f00 JavaThread "Finalizer" daemon [_thread_blocked, id=9820, stack(0x0000006d04800000,0x0000006d04900000)]
  0x000001b86b02f570 JavaThread "Signal Dispatcher" daemon [_thread_blocked, id=11004, stack(0x0000006d04900000,0x0000006d04a00000)]
  0x000001b86b030e30 JavaThread "Attach Listener" daemon [_thread_blocked, id=12316, stack(0x0000006d04a00000,0x0000006d04b00000)]
  0x000001b86b0316e0 JavaThread "Service Thread" daemon [_thread_blocked, id=236, stack(0x0000006d04b00000,0x0000006d04c00000)]
  0x000001b86b031f90 JavaThread "Monitor Deflation Thread" daemon [_thread_blocked, id=17476, stack(0x0000006d04c00000,0x0000006d04d00000)]
=>0x000001b86b032b70 JavaThread "C2 CompilerThread0" daemon [_thread_in_native, id=10216, stack(0x0000006d04d00000,0x0000006d04e00000)]
  0x000001b86b09f3b0 JavaThread "C1 CompilerThread0" daemon [_thread_in_vm, id=4032, stack(0x0000006d04e00000,0x0000006d04f00000)]
  0x000001b86b0a4070 JavaThread "Sweeper thread" daemon [_thread_blocked, id=14824, stack(0x0000006d04f00000,0x0000006d05000000)]
  0x000001b86f435a20 JavaThread "Notification Thread" daemon [_thread_blocked, id=3140, stack(0x0000006d05000000,0x0000006d05100000)]
  0x000001b86f43d8e0 JavaThread "Common-Cleaner" daemon [_thread_blocked, id=4168, stack(0x0000006d05200000,0x0000006d05300000)]

Other Threads:
  0x000001b86b011ce0 VMThread "VM Thread" [stack: 0x0000006d04600000,0x0000006d04700000] [id=8424]
  0x000001b86b0cf0f0 WatcherThread "VM Periodic Task Thread" [stack: 0x0000006d05100000,0x0000006d05200000] [id=18116]
  0x000001b850205340 WorkerThread "GC Thread#0" [stack: 0x0000006d04100000,0x0000006d04200000] [id=7480]
  0x000001b85020ee10 ConcurrentGCThread "G1 Main Marker" [stack: 0x0000006d04200000,0x0000006d04300000] [id=4524]
  0x000001b85020f710 WorkerThread "G1 Conc#0" [stack: 0x0000006d04300000,0x0000006d04400000] [id=7652]
  0x000001b85022ea00 ConcurrentGCThread "G1 Refine#0" [stack: 0x0000006d04400000,0x0000006d04500000] [id=9592]
  0x000001b85022f220 ConcurrentGCThread "G1 Service" [stack: 0x0000006d04500000,0x0000006d04600000] [id=14280]

Threads with active compile tasks:
C2 CompilerThread0     1733  402       4       java.lang.StringLatin1::lastIndexOf (40 bytes)

VM state: not at safepoint (normal execution)

VM Mutex/Monitor currently owned by a thread: None

Heap address: 0x00000000c1c00000, size: 996 MB, Compressed Oops mode: 32-bit

CDS archive(s) mapped at: [0x0000000800000000-0x0000000800ba0000-0x0000000800ba0000), size 12189696, SharedBaseAddress: 0x0000000800000000, ArchiveRelocationMode: 0.
Compressed class space mapped at: 0x0000000800c00000-0x0000000840c00000, reserved size: 1073741824
Narrow klass base: 0x0000000800000000, Narrow klass shift: 0, Narrow klass range: 0x100000000

GC Precious Log:
 CardTable entry size: 512
 Card Set container configuration: InlinePtr #cards 5 size 8 Array Of Cards #cards 12 size 40 Howl #buckets 4 coarsen threshold 1843 Howl Bitmap #cards 512 size 80 coarsen threshold 460 Card regions per heap region 1 cards per card region 2048
 CPUs: 2 total, 2 available
 Memory: 3983M
 Large Page Support: Disabled
 NUMA Support: Disabled
 Compressed Oops: Enabled (32-bit)
 Heap Region Size: 1M
 Heap Min Capacity: 8M
 Heap Initial Capacity: 64M
 Heap Max Capacity: 996M
 Pre-touch: Disabled
 Parallel Workers: 2
 Concurrent Workers: 1
 Concurrent Refinement Workers: 2
 Periodic GC: Disabled

Heap:
 garbage-first heap   total 65536K, used 5120K [0x00000000c1c00000, 0x0000000100000000)
  region size 1024K, 6 young (6144K), 0 survivors (0K)
 Metaspace       used 1568K, committed 1728K, reserved 1114112K
  class space    used 133K, committed 192K, reserved 1048576K

Heap Regions: E=young(eden), S=young(survivor), O=old, HS=humongous(starts), HC=humongous(continues), CS=collection set, F=free, OA=open archive, CA=closed archive, TAMS=top-at-mark-start (previous, next)
|   0|0x00000000c1c00000, 0x00000000c1c00000, 0x00000000c1d00000|  0%| F|  |TAMS 0x00000000c1c00000, 0x00000000c1c00000| Untracked 
|   1|0x00000000c1d00000, 0x00000000c1d00000, 0x00000000c1e00000|  0%| F|  |TAMS 0x00000000c1d00000, 0x00000000c1d00000| Untracked 
|   2|0x00000000c1e00000, 0x00000000c1e00000, 0x00000000c1f00000|  0%| F|  |TAMS 0x00000000c1e00000, 0x00000000c1e00000| Untracked 
|   3|0x00000000c1f00000, 0x00000000c1f00000, 0x00000000c2000000|  0%| F|  |TAMS 0x00000000c1f00000, 0x00000000c1f00000| Untracked 
|   4|0x00000000c2000000, 0x00000000c2000000, 0x00000000c2100000|  0%| F|  |TAMS 0x00000000c2000000, 0x00000000c2000000| Untracked 
|   5|0x00000000c2100000, 0x00000000c2100000, 0x00000000c2200000|  0%| F|  |TAMS 0x00000000c2100000, 0x00000000c2100000| Untracked 
|   6|0x00000000c2200000, 0x00000000c2200000, 0x00000000c2300000|  0%| F|  |TAMS 0x00000000c2200000, 0x00000000c2200000| Untracked 
|   7|0x00000000c2300000, 0x00000000c2300000, 0x00000000c2400000|  0%| F|  |TAMS 0x00000000c2300000, 0x00000000c2300000| Untracked 
|   8|0x00000000c2400000, 0x00000000c2400000, 0x00000000c2500000|  0%| F|  |TAMS 0x00000000c2400000, 0x00000000c2400000| Untracked 
|   9|0x00000000c2500000, 0x00000000c2500000, 0x00000000c2600000|  0%| F|  |TAMS 0x00000000c2500000, 0x00000000c2500000| Untracked 
|  10|0x00000000c2600000, 0x00000000c2600000, 0x00000000c2700000|  0%| F|  |TAMS 0x00000000c2600000, 0x00000000c2600000| Untracked 
|  11|0x00000000c2700000, 0x00000000c2700000, 0x00000000c2800000|  0%| F|  |TAMS 0x00000000c2700000, 0x00000000c2700000| Untracked 
|  12|0x00000000c2800000, 0x00000000c2800000, 0x00000000c2900000|  0%| F|  |TAMS 0x00000000c2800000, 0x00000000c2800000| Untracked 
|  13|0x00000000c2900000, 0x00000000c2900000, 0x00000000c2a00000|  0%| F|  |TAMS 0x00000000c2900000, 0x00000000c2900000| Untracked 
|  14|0x00000000c2a00000, 0x00000000c2a00000, 0x00000000c2b00000|  0%| F|  |TAMS 0x00000000c2a00000, 0x00000000c2a00000| Untracked 
|  15|0x00000000c2b00000, 0x00000000c2b00000, 0x00000000c2c00000|  0%| F|  |TAMS 0x00000000c2b00000, 0x00000000c2b00000| Untracked 
|  16|0x00000000c2c00000, 0x00000000c2c00000, 0x00000000c2d00000|  0%| F|  |TAMS 0x00000000c2c00000, 0x00000000c2c00000| Untracked 
|  17|0x00000000c2d00000, 0x00000000c2d00000, 0x00000000c2e00000|  0%| F|  |TAMS 0x00000000c2d00000, 0x00000000c2d00000| Untracked 
|  18|0x00000000c2e00000, 0x00000000c2e00000, 0x00000000c2f00000|  0%| F|  |TAMS 0x00000000c2e00000, 0x00000000c2e00000| Untracked 
|  19|0x00000000c2f00000, 0x00000000c2f00000, 0x00000000c3000000|  0%| F|  |TAMS 0x00000000c2f00000, 0x00000000c2f00000| Untracked 
|  20|0x00000000c3000000, 0x00000000c3000000, 0x00000000c3100000|  0%| F|  |TAMS 0x00000000c3000000, 0x00000000c3000000| Untracked 
|  21|0x00000000c3100000, 0x00000000c3100000, 0x00000000c3200000|  0%| F|  |TAMS 0x00000000c3100000, 0x00000000c3100000| Untracked 
|  22|0x00000000c3200000, 0x00000000c3200000, 0x00000000c3300000|  0%| F|  |TAMS 0x00000000c3200000, 0x00000000c3200000| Untracked 
|  23|0x00000000c3300000, 0x00000000c3300000, 0x00000000c3400000|  0%| F|  |TAMS 0x00000000c3300000, 0x00000000c3300000| Untracked 
|  24|0x00000000c3400000, 0x00000000c3400000, 0x00000000c3500000|  0%| F|  |TAMS 0x00000000c3400000, 0x00000000c3400000| Untracked 
|  25|0x00000000c3500000, 0x00000000c3500000, 0x00000000c3600000|  0%| F|  |TAMS 0x00000000c3500000, 0x00000000c3500000| Untracked 
|  26|0x00000000c3600000, 0x00000000c3600000, 0x00000000c3700000|  0%| F|  |TAMS 0x00000000c3600000, 0x00000000c3600000| Untracked 
|  27|0x00000000c3700000, 0x00000000c3700000, 0x00000000c3800000|  0%| F|  |TAMS 0x00000000c3700000, 0x00000000c3700000| Untracked 
|  28|0x00000000c3800000, 0x00000000c3800000, 0x00000000c3900000|  0%| F|  |TAMS 0x00000000c3800000, 0x00000000c3800000| Untracked 
|  29|0x00000000c3900000, 0x00000000c3900000, 0x00000000c3a00000|  0%| F|  |TAMS 0x00000000c3900000, 0x00000000c3900000| Untracked 
|  30|0x00000000c3a00000, 0x00000000c3a00000, 0x00000000c3b00000|  0%| F|  |TAMS 0x00000000c3a00000, 0x00000000c3a00000| Untracked 
|  31|0x00000000c3b00000, 0x00000000c3b00000, 0x00000000c3c00000|  0%| F|  |TAMS 0x00000000c3b00000, 0x00000000c3b00000| Untracked 
|  32|0x00000000c3c00000, 0x00000000c3c00000, 0x00000000c3d00000|  0%| F|  |TAMS 0x00000000c3c00000, 0x00000000c3c00000| Untracked 
|  33|0x00000000c3d00000, 0x00000000c3d00000, 0x00000000c3e00000|  0%| F|  |TAMS 0x00000000c3d00000, 0x00000000c3d00000| Untracked 
|  34|0x00000000c3e00000, 0x00000000c3e00000, 0x00000000c3f00000|  0%| F|  |TAMS 0x00000000c3e00000, 0x00000000c3e00000| Untracked 
|  35|0x00000000c3f00000, 0x00000000c3f00000, 0x00000000c4000000|  0%| F|  |TAMS 0x00000000c3f00000, 0x00000000c3f00000| Untracked 
|  36|0x00000000c4000000, 0x00000000c4000000, 0x00000000c4100000|  0%| F|  |TAMS 0x00000000c4000000, 0x00000000c4000000| Untracked 
|  37|0x00000000c4100000, 0x00000000c4100000, 0x00000000c4200000|  0%| F|  |TAMS 0x00000000c4100000, 0x00000000c4100000| Untracked 
|  38|0x00000000c4200000, 0x00000000c4200000, 0x00000000c4300000|  0%| F|  |TAMS 0x00000000c4200000, 0x00000000c4200000| Untracked 
|  39|0x00000000c4300000, 0x00000000c4300000, 0x00000000c4400000|  0%| F|  |TAMS 0x00000000c4300000, 0x00000000c4300000| Untracked 
|  40|0x00000000c4400000, 0x00000000c4400000, 0x00000000c4500000|  0%| F|  |TAMS 0x00000000c4400000, 0x00000000c4400000| Untracked 
|  41|0x00000000c4500000, 0x00000000c4500000, 0x00000000c4600000|  0%| F|  |TAMS 0x00000000c4500000, 0x00000000c4500000| Untracked 
|  42|0x00000000c4600000, 0x00000000c4600000, 0x00000000c4700000|  0%| F|  |TAMS 0x00000000c4600000, 0x00000000c4600000| Untracked 
|  43|0x00000000c4700000, 0x00000000c4700000, 0x00000000c4800000|  0%| F|  |TAMS 0x00000000c4700000, 0x00000000c4700000| Untracked 
|  44|0x00000000c4800000, 0x00000000c4800000, 0x00000000c4900000|  0%| F|  |TAMS 0x00000000c4800000, 0x00000000c4800000| Untracked 
|  45|0x00000000c4900000, 0x00000000c4900000, 0x00000000c4a00000|  0%| F|  |TAMS 0x00000000c4900000, 0x00000000c4900000| Untracked 
|  46|0x00000000c4a00000, 0x00000000c4a00000, 0x00000000c4b00000|  0%| F|  |TAMS 0x00000000c4a00000, 0x00000000c4a00000| Untracked 
|  47|0x00000000c4b00000, 0x00000000c4b00000, 0x00000000c4c00000|  0%| F|  |TAMS 0x00000000c4b00000, 0x00000000c4b00000| Untracked 
|  48|0x00000000c4c00000, 0x00000000c4c00000, 0x00000000c4d00000|  0%| F|  |TAMS 0x00000000c4c00000, 0x00000000c4c00000| Untracked 
|  49|0x00000000c4d00000, 0x00000000c4d00000, 0x00000000c4e00000|  0%| F|  |TAMS 0x00000000c4d00000, 0x00000000c4d00000| Untracked 
|  50|0x00000000c4e00000, 0x00000000c4e00000, 0x00000000c4f00000|  0%| F|  |TAMS 0x00000000c4e00000, 0x00000000c4e00000| Untracked 
|  51|0x00000000c4f00000, 0x00000000c4f00000, 0x00000000c5000000|  0%| F|  |TAMS 0x00000000c4f00000, 0x00000000c4f00000| Untracked 
|  52|0x00000000c5000000, 0x00000000c5000000, 0x00000000c5100000|  0%| F|  |TAMS 0x00000000c5000000, 0x00000000c5000000| Untracked 
|  53|0x00000000c5100000, 0x00000000c5100000, 0x00000000c5200000|  0%| F|  |TAMS 0x00000000c5100000, 0x00000000c5100000| Untracked 
|  54|0x00000000c5200000, 0x00000000c5200000, 0x00000000c5300000|  0%| F|  |TAMS 0x00000000c5200000, 0x00000000c5200000| Untracked 
|  55|0x00000000c5300000, 0x00000000c5300000, 0x00000000c5400000|  0%| F|  |TAMS 0x00000000c5300000, 0x00000000c5300000| Untracked 
|  56|0x00000000c5400000, 0x00000000c5400000, 0x00000000c5500000|  0%| F|  |TAMS 0x00000000c5400000, 0x00000000c5400000| Untracked 
|  57|0x00000000c5500000, 0x00000000c5500000, 0x00000000c5600000|  0%| F|  |TAMS 0x00000000c5500000, 0x00000000c5500000| Untracked 
|  58|0x00000000c5600000, 0x00000000c561f1a0, 0x00000000c5700000| 12%| E|  |TAMS 0x00000000c5600000, 0x00000000c5600000| Complete 
|  59|0x00000000c5700000, 0x00000000c5800000, 0x00000000c5800000|100%| E|CS|TAMS 0x00000000c5700000, 0x00000000c5700000| Complete 
|  60|0x00000000c5800000, 0x00000000c5900000, 0x00000000c5900000|100%| E|CS|TAMS 0x00000000c5800000, 0x00000000c5800000| Complete 
|  61|0x00000000c5900000, 0x00000000c5a00000, 0x00000000c5a00000|100%| E|CS|TAMS 0x00000000c5900000, 0x00000000c5900000| Complete 
|  62|0x00000000c5a00000, 0x00000000c5b00000, 0x00000000c5b00000|100%| E|CS|TAMS 0x00000000c5a00000, 0x00000000c5a00000| Complete 
|  63|0x00000000c5b00000, 0x00000000c5c00000, 0x00000000c5c00000|100%| E|CS|TAMS 0x00000000c5b00000, 0x00000000c5b00000| Complete 

Card table byte_map: [0x000001b866af0000,0x000001b866cf0000] _byte_map_base: 0x000001b8664e2000

Marking Bits (Prev, Next): (CMBitMap*) 0x000001b850206860, (CMBitMap*) 0x000001b8502068a0
 Prev Bits: [0x000001b866ef0000, 0x000001b867e80000)
 Next Bits: [0x000001b867e80000, 0x000001b868e10000)

Polling page: 0x000001b84e0c0000

Metaspace:

Usage:
  Non-class:      1.41 MB used.
      Class:    134.59 KB used.
       Both:      1.54 MB used.

Virtual space:
  Non-class space:       64.00 MB reserved,       1.50 MB (  2%) committed,  1 nodes.
      Class space:        1.00 GB reserved,     192.00 KB ( <1%) committed,  1 nodes.
             Both:        1.06 GB reserved,       1.69 MB ( <1%) committed. 

Chunk freelists:
   Non-Class:  3.36 MB
       Class:  3.66 MB
        Both:  7.02 MB

MaxMetaspaceSize: unlimited
CompressedClassSpaceSize: 1.00 GB
Initial GC threshold: 21.00 MB
Current GC threshold: 21.00 MB
CDS: on
MetaspaceReclaimPolicy: balanced
 - commit_granule_bytes: 65536.
 - commit_granule_words: 8192.
 - virtual_space_node_default_size: 8388608.
 - enlarge_chunks_in_place: 1.
 - new_chunks_are_fully_committed: 0.
 - uncommit_free_chunks: 1.
 - use_allocation_guard: 0.


Internal statistics:

num_allocs_failed_limit: 0.
num_arena_births: 22.
num_arena_deaths: 0.
num_vsnodes_births: 2.
num_vsnodes_deaths: 0.
num_space_committed: 27.
num_space_uncommitted: 0.
num_chunks_returned_to_freelist: 0.
num_chunks_taken_from_freelist: 56.
num_chunk_merges: 0.
num_chunk_splits: 40.
num_chunks_enlarged: 33.
num_inconsistent_stats: 0.

CodeHeap 'non-profiled nmethods': size=120064Kb used=118Kb max_used=118Kb free=119945Kb
 bounds [0x000001b85f5b0000, 0x000001b85f820000, 0x000001b866af0000]
CodeHeap 'profiled nmethods': size=120000Kb used=691Kb max_used=691Kb free=119308Kb
 bounds [0x000001b858080000, 0x000001b8582f0000, 0x000001b85f5b0000]
CodeHeap 'non-nmethods': size=5696Kb used=1112Kb max_used=1126Kb free=4584Kb
 bounds [0x000001b857af0000, 0x000001b857d60000, 0x000001b858080000]
 total_blobs=807 nmethods=428 adapters=293
 compilation: enabled
              stopped_count=0, restarted_count=0
 full_count=0

Compilation events (20 events):
Event: 1.648 Thread 0x000001b86b09f3b0  394       3       java.nio.DirectIntBufferU::ix (10 bytes)
Event: 1.648 Thread 0x000001b86b09f3b0 nmethod 394 0x000001b85810be90 code [0x000001b85810c020, 0x000001b85810c138]
Event: 1.648 Thread 0x000001b86b09f3b0  395   !   3       jdk.internal.misc.ScopedMemoryAccess::getInt (20 bytes)
Event: 1.649 Thread 0x000001b86b09f3b0 nmethod 395 0x000001b85810c210 code [0x000001b85810c3e0, 0x000001b85810c878]
Event: 1.649 Thread 0x000001b86b09f3b0  396       3       java.util.concurrent.ConcurrentHashMap$BaseIterator::hasNext (13 bytes)
Event: 1.649 Thread 0x000001b86b09f3b0 nmethod 396 0x000001b85810ca90 code [0x000001b85810cc20, 0x000001b85810cd98]
Event: 1.652 Thread 0x000001b86b09f3b0  397       3       java.util.zip.ZipFile$Source::isMetaName (141 bytes)
Event: 1.653 Thread 0x000001b86b09f3b0 nmethod 397 0x000001b85810ce10 code [0x000001b85810cfc0, 0x000001b85810d4d8]
Event: 1.659 Thread 0x000001b86b09f3b0  398       3       java.lang.StringConcatHelper::newString (67 bytes)
Event: 1.659 Thread 0x000001b86b09f3b0 nmethod 398 0x000001b85810d690 code [0x000001b85810d900, 0x000001b85810e388]
Event: 1.660 Thread 0x000001b86b09f3b0  399       3       java.util.jar.Manifest$FastInputStream::peek (38 bytes)
Event: 1.660 Thread 0x000001b86b09f3b0 nmethod 399 0x000001b85810e710 code [0x000001b85810e8c0, 0x000001b85810eae8]
Event: 1.660 Thread 0x000001b86b09f3b0  400       1       java.util.zip.ZipEntry::getSize (5 bytes)
Event: 1.660 Thread 0x000001b86b09f3b0 nmethod 400 0x000001b85f5ccd10 code [0x000001b85f5ccea0, 0x000001b85f5ccf78]
Event: 1.660 Thread 0x000001b86b09f3b0  401       3       java.lang.StringBuilder::<init> (6 bytes)
Event: 1.660 Thread 0x000001b86b032b70  402       4       java.lang.StringLatin1::lastIndexOf (40 bytes)
Event: 1.660 Thread 0x000001b86b09f3b0 nmethod 401 0x000001b85810ec10 code [0x000001b85810eda0, 0x000001b85810eee8]
Event: 1.661 Thread 0x000001b86b09f3b0  403       3       java.net.URL::isBuiltinStreamHandler (32 bytes)
Event: 1.662 Thread 0x000001b86b09f3b0 nmethod 403 0x000001b85810ef90 code [0x000001b85810f1c0, 0x000001b85810fa38]
Event: 1.662 Thread 0x000001b86b09f3b0  404       3       sun.net.util.IPAddressUtil::checkHostString (53 bytes)

GC Heap History (0 events):
No events

Deoptimization events (8 events):
Event: 1.285 Thread 0x000001b8501c6940 Uncommon trap: trap_request=0xffffff45 fr.pc=0x000001b85f5bb2e4 relative=0x0000000000000064
Event: 1.285 Thread 0x000001b8501c6940 Uncommon trap: reason=unstable_if action=reinterpret pc=0x000001b85f5bb2e4 method=java.io.WinNTFileSystem.isSlash(C)Z @ 9 c2
Event: 1.285 Thread 0x000001b8501c6940 DEOPT PACKING pc=0x000001b85f5bb2e4 sp=0x0000006d040fe3c0
Event: 1.285 Thread 0x000001b8501c6940 DEOPT UNPACKING pc=0x000001b857b423a3 sp=0x0000006d040fe348 mode 2
Event: 1.652 Thread 0x000001b8501c6940 Uncommon trap: trap_request=0xffffff45 fr.pc=0x000001b85f5bdd94 relative=0x0000000000000174
Event: 1.652 Thread 0x000001b8501c6940 Uncommon trap: reason=unstable_if action=reinterpret pc=0x000001b85f5bdd94 method=java.util.zip.ZipFile$Source.isMetaName([BII)Z @ 43 c2
Event: 1.652 Thread 0x000001b8501c6940 DEOPT PACKING pc=0x000001b85f5bdd94 sp=0x0000006d040fd9e0
Event: 1.652 Thread 0x000001b8501c6940 DEOPT UNPACKING pc=0x000001b857b423a3 sp=0x0000006d040fd988 mode 2

Classes loaded (20 events):
Event: 1.641 Loading class java/util/concurrent/LinkedBlockingQueue
Event: 1.641 Loading class java/util/concurrent/BlockingQueue
Event: 1.641 Loading class java/util/concurrent/BlockingQueue done
Event: 1.641 Loading class java/util/AbstractQueue
Event: 1.642 Loading class java/util/AbstractQueue done
Event: 1.642 Loading class java/util/concurrent/LinkedBlockingQueue done
Event: 1.642 Loading class java/util/concurrent/locks/AbstractQueuedSynchronizer$ConditionObject
Event: 1.642 Loading class java/util/concurrent/locks/Condition
Event: 1.642 Loading class java/util/concurrent/locks/Condition done
Event: 1.642 Loading class java/util/concurrent/locks/AbstractQueuedSynchronizer$ConditionObject done
Event: 1.642 Loading class java/util/concurrent/LinkedBlockingQueue$Node
Event: 1.642 Loading class java/util/concurrent/LinkedBlockingQueue$Node done
Event: 1.647 Loading class java/net/URLClassLoader$3
Event: 1.648 Loading class java/net/URLClassLoader$3 done
Event: 1.648 Loading class java/net/URLClassLoader$3$1
Event: 1.648 Loading class java/net/URLClassLoader$3$1 done
Event: 1.657 Loading class java/util/LinkedHashMap$LinkedKeySet
Event: 1.658 Loading class java/util/LinkedHashMap$LinkedKeySet done
Event: 1.658 Loading class java/util/LinkedHashMap$LinkedKeyIterator
Event: 1.658 Loading class java/util/LinkedHashMap$LinkedKeyIterator done

Classes unloaded (0 events):
No events

Classes redefined (0 events):
No events

Internal exceptions (10 events):
Event: 1.366 Thread 0x000001b8501c6940 Exception <a 'java/lang/NoSuchMethodError'{0x00000000c59fa750}: 'java.lang.Object java.lang.invoke.Invokers$Holder.invokeExact_MT(java.lang.Object, java.lang.Object, java.lang.Object, java.lang.Object, java.lang.Object)'> (0x00000000c59fa750) 
thrown [t:\workspace\open\src\hotspot\share\interpreter\linkResolver.cpp, line 766]
Event: 1.409 Thread 0x000001b8501c6940 Exception <a 'java/lang/NullPointerException'{0x00000000c5853658}> (0x00000000c5853658) 
thrown [t:\workspace\open\src\hotspot\share\interpreter\linkResolver.cpp, line 1357]
Event: 1.548 Thread 0x000001b8501c6940 Exception <a 'java/lang/NullPointerException'{0x00000000c5888190}> (0x00000000c5888190) 
thrown [t:\workspace\open\src\hotspot\share\interpreter\linkResolver.cpp, line 1357]
Event: 1.548 Thread 0x000001b8501c6940 Exception <a 'java/lang/NullPointerException'{0x00000000c5888468}> (0x00000000c5888468) 
thrown [t:\workspace\open\src\hotspot\share\interpreter\linkResolver.cpp, line 1357]
Event: 1.548 Thread 0x000001b8501c6940 Exception <a 'java/lang/NullPointerException'{0x00000000c5888740}> (0x00000000c5888740) 
thrown [t:\workspace\open\src\hotspot\share\interpreter\linkResolver.cpp, line 1357]
Event: 1.551 Thread 0x000001b8501c6940 Exception <a 'java/lang/NullPointerException'{0x00000000c588d950}> (0x00000000c588d950) 
thrown [t:\workspace\open\src\hotspot\share\interpreter\linkResolver.cpp, line 1357]
Event: 1.559 Thread 0x000001b8501c6940 Exception <a 'java/lang/NullPointerException'{0x00000000c58a2e50}> (0x00000000c58a2e50) 
thrown [t:\workspace\open\src\hotspot\share\interpreter\linkResolver.cpp, line 1357]
Event: 1.559 Thread 0x000001b8501c6940 Exception <a 'java/lang/NullPointerException'{0x00000000c58a3128}> (0x00000000c58a3128) 
thrown [t:\workspace\open\src\hotspot\share\interpreter\linkResolver.cpp, line 1357]
Event: 1.559 Thread 0x000001b8501c6940 Exception <a 'java/lang/NullPointerException'{0x00000000c58a3400}> (0x00000000c58a3400) 
thrown [t:\workspace\open\src\hotspot\share\interpreter\linkResolver.cpp, line 1357]
Event: 1.559 Thread 0x000001b8501c6940 Exception <a 'java/lang/NullPointerException'{0x00000000c58a36d8}> (0x00000000c58a36d8) 
thrown [t:\workspace\open\src\hotspot\share\interpreter\linkResolver.cpp, line 1357]

VM Operations (8 events):
Event: 0.960 Executing VM operation: HandshakeAllThreads
Event: 0.960 Executing VM operation: HandshakeAllThreads done
Event: 1.400 Executing VM operation: HandshakeAllThreads
Event: 1.401 Executing VM operation: HandshakeAllThreads done
Event: 1.401 Executing VM operation: Cleanup
Event: 1.401 Executing VM operation: Cleanup done
Event: 1.429 Executing VM operation: HandshakeAllThreads
Event: 1.429 Executing VM operation: HandshakeAllThreads done

Events (20 events):
Event: 0.060 Loaded shared library C:\Program Files\Java\jdk-18\bin\java.dll
Event: 0.180 Loaded shared library C:\Program Files\Java\jdk-18\bin\jsvml.dll
Event: 0.180 Thread 0x000001b8501c6940 Thread added: 0x000001b8501c6940
Event: 0.369 Thread 0x000001b86b015390 Thread added: 0x000001b86b015390
Event: 0.370 Thread 0x000001b86b015f00 Thread added: 0x000001b86b015f00
Event: 0.480 Thread 0x000001b86b02f570 Thread added: 0x000001b86b02f570
Event: 0.480 Thread 0x000001b86b030e30 Thread added: 0x000001b86b030e30
Event: 0.480 Thread 0x000001b86b0316e0 Thread added: 0x000001b86b0316e0
Event: 0.480 Thread 0x000001b86b031f90 Thread added: 0x000001b86b031f90
Event: 0.481 Thread 0x000001b86b032b70 Thread added: 0x000001b86b032b70
Event: 0.530 Thread 0x000001b86b09f3b0 Thread added: 0x000001b86b09f3b0
Event: 0.582 Thread 0x000001b86b0a4070 Thread added: 0x000001b86b0a4070
Event: 0.919 Thread 0x000001b86f435a20 Thread added: 0x000001b86f435a20
Event: 0.930 Thread 0x000001b86f43d8e0 Thread added: 0x000001b86f43d8e0
Event: 0.941 Loaded shared library C:\Program Files\Java\jdk-18\bin\net.dll
Event: 0.945 Loaded shared library C:\Program Files\Java\jdk-18\bin\nio.dll
Event: 0.958 Loaded shared library C:\Program Files\Java\jdk-18\bin\zip.dll
Event: 1.420 Loaded shared library C:\Program Files\Java\jdk-18\bin\jimage.dll
Event: 1.545 Loaded shared library C:\Program Files\NetBeans-13\netbeans\java\maven\lib\jansi-native\Windows\x86_64\jansi.dll
Event: 1.575 Loaded shared library C:\Program Files\Java\jdk-18\bin\verify.dll


Dynamic libraries:
0x00007ff760180000 - 0x00007ff760190000 	C:\Program Files\Java\jdk-18\bin\java.exe
0x00007ffb55fb0000 - 0x00007ffb561a7000 	C:\WINDOWS\SYSTEM32\ntdll.dll
0x00007ffb54be0000 - 0x00007ffb54c9d000 	C:\WINDOWS\System32\KERNEL32.DLL
0x00007ffb53ab0000 - 0x00007ffb53d7d000 	C:\WINDOWS\System32\KERNELBASE.dll
0x00007ffb539b0000 - 0x00007ffb53ab0000 	C:\WINDOWS\System32\ucrtbase.dll
0x00007ffb4c9f0000 - 0x00007ffb4ca08000 	C:\Program Files\Java\jdk-18\bin\jli.dll
0x00007ffb54d50000 - 0x00007ffb54dfe000 	C:\WINDOWS\System32\ADVAPI32.dll
0x00007ffb54ab0000 - 0x00007ffb54b4e000 	C:\WINDOWS\System32\msvcrt.dll
0x00007ffb54e60000 - 0x00007ffb54efc000 	C:\WINDOWS\System32\sechost.dll
0x00007ffb55000000 - 0x00007ffb55125000 	C:\WINDOWS\System32\RPCRT4.dll
0x00007ffb54880000 - 0x00007ffb54a20000 	C:\WINDOWS\System32\USER32.dll
0x00007ffb536d0000 - 0x00007ffb536f2000 	C:\WINDOWS\System32\win32u.dll
0x00007ffb55900000 - 0x00007ffb5592a000 	C:\WINDOWS\System32\GDI32.dll
0x00007ffb538a0000 - 0x00007ffb539ab000 	C:\WINDOWS\System32\gdi32full.dll
0x00007ffb53770000 - 0x00007ffb5380d000 	C:\WINDOWS\System32\msvcp_win.dll
0x00007ffb3be60000 - 0x00007ffb3be7a000 	C:\Program Files\Java\jdk-18\bin\VCRUNTIME140.dll
0x00007ffb43cf0000 - 0x00007ffb43f8a000 	C:\WINDOWS\WinSxS\amd64_microsoft.windows.common-controls_6595b64144ccf1df_6.0.19041.1110_none_60b5254171f9507e\COMCTL32.dll
0x00007ffb485f0000 - 0x00007ffb485fa000 	C:\WINDOWS\SYSTEM32\VERSION.dll
0x00007ffb54b50000 - 0x00007ffb54b80000 	C:\WINDOWS\System32\IMM32.DLL
0x00007ffb4a490000 - 0x00007ffb4a49c000 	C:\Program Files\Java\jdk-18\bin\vcruntime140_1.dll
0x00007ffb1f0d0000 - 0x00007ffb1f15d000 	C:\Program Files\Java\jdk-18\bin\msvcp140.dll
0x00007ffb0a9f0000 - 0x00007ffb0b601000 	C:\Program Files\Java\jdk-18\bin\server\jvm.dll
0x00007ffb54fe0000 - 0x00007ffb54fe8000 	C:\WINDOWS\System32\PSAPI.DLL
0x00007ffb4da70000 - 0x00007ffb4da79000 	C:\WINDOWS\SYSTEM32\WSOCK32.dll
0x00007ffb552f0000 - 0x00007ffb5535b000 	C:\WINDOWS\System32\WS2_32.dll
0x00007ffb42120000 - 0x00007ffb42147000 	C:\WINDOWS\SYSTEM32\WINMM.dll
0x00007ffb51fb0000 - 0x00007ffb51fc2000 	C:\WINDOWS\SYSTEM32\kernel.appcore.dll
0x00007ffb4a170000 - 0x00007ffb4a17a000 	C:\Program Files\Java\jdk-18\bin\jimage.dll
0x00007ffb515a0000 - 0x00007ffb51784000 	C:\WINDOWS\SYSTEM32\DBGHELP.DLL
0x00007ffb4ab00000 - 0x00007ffb4ab2c000 	C:\WINDOWS\SYSTEM32\dbgcore.DLL
0x00007ffb53810000 - 0x00007ffb53892000 	C:\WINDOWS\System32\bcryptPrimitives.dll
0x00007ffb2a7f0000 - 0x00007ffb2a815000 	C:\Program Files\Java\jdk-18\bin\java.dll
0x00007ffb0ea40000 - 0x00007ffb0eb16000 	C:\Program Files\Java\jdk-18\bin\jsvml.dll
0x00007ffb54010000 - 0x00007ffb54754000 	C:\WINDOWS\System32\SHELL32.dll
0x00007ffb51790000 - 0x00007ffb51f24000 	C:\WINDOWS\SYSTEM32\windows.storage.dll
0x00007ffb555a0000 - 0x00007ffb558f4000 	C:\WINDOWS\System32\combase.dll
0x00007ffb53060000 - 0x00007ffb5308c000 	C:\WINDOWS\SYSTEM32\Wldp.dll
0x00007ffb54ca0000 - 0x00007ffb54d4d000 	C:\WINDOWS\System32\SHCORE.dll
0x00007ffb54e00000 - 0x00007ffb54e55000 	C:\WINDOWS\System32\shlwapi.dll
0x00007ffb53610000 - 0x00007ffb5362f000 	C:\WINDOWS\SYSTEM32\profapi.dll
0x00007ffb3af90000 - 0x00007ffb3afa3000 	C:\Program Files\Java\jdk-18\bin\net.dll
0x00007ffb4ae20000 - 0x00007ffb4af2a000 	C:\WINDOWS\SYSTEM32\WINHTTP.dll
0x00007ffb52dc0000 - 0x00007ffb52e2a000 	C:\WINDOWS\system32\mswsock.dll
0x00007ffb3ada0000 - 0x00007ffb3adb6000 	C:\Program Files\Java\jdk-18\bin\nio.dll
0x00007ffb36310000 - 0x00007ffb36328000 	C:\Program Files\Java\jdk-18\bin\zip.dll
0x0000000069ac0000 - 0x0000000069ae4000 	C:\Program Files\NetBeans-13\netbeans\java\maven\lib\jansi-native\Windows\x86_64\jansi.dll
0x00007ffb46be0000 - 0x00007ffb46bf0000 	C:\Program Files\Java\jdk-18\bin\verify.dll

dbghelp: loaded successfully - version: 4.0.5 - missing functions: none
symbol engine: initialized successfully - sym options: 0x614 - pdb path: .;C:\Program Files\Java\jdk-18\bin;C:\WINDOWS\SYSTEM32;C:\WINDOWS\WinSxS\amd64_microsoft.windows.common-controls_6595b64144ccf1df_6.0.19041.1110_none_60b5254171f9507e;C:\Program Files\Java\jdk-18\bin\server;C:\Program Files\NetBeans-13\netbeans\java\maven\lib\jansi-native\Windows\x86_64

VM Arguments:
jvm_args: -Dclassworlds.conf=C:\Program Files\NetBeans-13\netbeans\java\maven\bin\m2.conf -Dmaven.home=C:\Program Files\NetBeans-13\netbeans\java\maven -Dlibrary.jansi.path=C:\Program Files\NetBeans-13\netbeans\java\maven\lib\jansi-native -Dmaven.multiModuleProjectDirectory=E:\Kuliah\Pemrograman Berbasis Objek\RelasiAsosiasi 
java_command: org.codehaus.plexus.classworlds.launcher.Launcher -Dexec.vmArgs= -Dexec.args=${exec.vmArgs} -classpath %classpath ${exec.mainClass} ${exec.appArgs} -Dexec.executable=C:\Program Files\Java\jdk-18\bin\java.exe -Dexec.mainClass=com.rizkimugi.relasiasosiasi.RelasiAsosiasi -Dexec.classpathScope=runtime -Dexec.appArgs= -Dmaven.ext.class.path=C:\Program Files\NetBeans-13\netbeans\java\maven-nblib\netbeans-eventspy.jar org.codehaus.mojo:exec-maven-plugin:3.0.0:exec
java_class_path (initial): C:\Program Files\NetBeans-13\netbeans\java\maven\boot\plexus-classworlds-2.6.0.jar
Launcher Type: SUN_STANDARD

[Global flags]
     intx CICompilerCount                          = 2                                         {product} {ergonomic}
     uint ConcGCThreads                            = 1                                         {product} {ergonomic}
     uint G1ConcRefinementThreads                  = 2                                         {product} {ergonomic}
   size_t G1HeapRegionSize                         = 1048576                                   {product} {ergonomic}
    uintx GCDrainStackTargetSize                   = 64                                        {product} {ergonomic}
   size_t InitialHeapSize                          = 67108864                                  {product} {ergonomic}
   size_t MarkStackSize                            = 4194304                                   {product} {ergonomic}
   size_t MaxHeapSize                              = 1044381696                                {product} {ergonomic}
   size_t MaxNewSize                               = 625999872                                 {product} {ergonomic}
   size_t MinHeapDeltaBytes                        = 1048576                                   {product} {ergonomic}
   size_t MinHeapSize                              = 8388608                                   {product} {ergonomic}
    uintx NonNMethodCodeHeapSize                   = 5826188                                {pd product} {ergonomic}
    uintx NonProfiledCodeHeapSize                  = 122916026                              {pd product} {ergonomic}
    uintx ProfiledCodeHeapSize                     = 122916026                              {pd product} {ergonomic}
    uintx ReservedCodeCacheSize                    = 251658240                              {pd product} {ergonomic}
     bool SegmentedCodeCache                       = true                                      {product} {ergonomic}
   size_t SoftMaxHeapSize                          = 1044381696                             {manageable} {ergonomic}
     bool UseCompressedClassPointers               = true                           {product lp64_product} {ergonomic}
     bool UseCompressedOops                        = true                           {product lp64_product} {ergonomic}
     bool UseG1GC                                  = true                                      {product} {ergonomic}
     bool UseLargePagesIndividualAllocation        = false                                  {pd product} {ergonomic}

Logging:
Log output configuration:
 #0: stdout all=warning uptime,level,tags foldmultilines=false
 #1: stderr all=off uptime,level,tags foldmultilines=false

Environment Variables:
JAVA_HOME=C:\Program Files\Java\jdk-18
PATH=C:\ProgramData\Oracle\Java\javapath;C:\watcom-1.3\binnt;C:\watcom-1.3\binw;C:\Program Files\Common Files\Oracle\Java\javapath;C:\WINDOWS\system32;C:\WINDOWS;C:\WINDOWS\System32\Wbem;C:\WINDOWS\System32\WindowsPowerShell\v1.0\;C:\WINDOWS\System32\OpenSSH\;C:\Program Files\PuTTY\;C:\Users\lenovo\AppData\Local\Programs\Python\Python310\Scripts\;C:\Users\lenovo\AppData\Local\Programs\Python\Python310\;C:\Users\lenovo\AppData\Local\Microsoft\WindowsApps;C:\Program Files\JetBrains\IntelliJ IDEA Community Edition 2021.1\bin;;C:\Users\lenovo\AppData\Local\Programs\Microsoft VS Code\bin;C:\Program Files\JetBrains\PyCharm Community Edition 2021.2.3\bin;;C:\Program Files\JetBrains\IntelliJ IDEA 2021.3\bin;;C:\Program Files\JetBrains\PyCharm 2021.3\bin;;C:\Program Files\JetBrains\DataGrip 2021.3.1\bin;;C:\Users\lenovo\AppData\Local\GitHubDesktop\bin
USERNAME=lenovo
OS=Windows_NT
PROCESSOR_IDENTIFIER=AMD64 Family 21 Model 112 Stepping 0, AuthenticAMD



---------------  S Y S T E M  ---------------

OS:
 Windows 10 , 64 bit Build 19041 (10.0.19041.1741)
OS uptime: 4 days 2:54 hours

CPU: total 2 (initial active 2) (2 cores per cpu, 1 threads per core) family 21 model 112 stepping 0 microcode 0x0, cx8, cmov, fxsr, mmx, 3dnowpref, sse, sse2, sse3, ssse3, sse4a, sse4.1, sse4.2, popcnt, lzcnt, tsc, tscinvbit, avx, avx2, aes, clmul, bmi1, bmi2, fma, vzeroupper, clflush

Memory: 4k page, system-wide physical 3983M (221M free)
TotalPageFile size 16271M (AvailPageFile size 4M)
current process WorkingSet (physical memory assigned to process): 39M, peak: 39M
current process commit charge ("private bytes"): 135M, peak: 135M

vm_info: Java HotSpot(TM) 64-Bit Server VM (18+36-2087) for windows-amd64 JRE (18+36-2087), built on Feb 15 2022 09:43:11 by "mach5one" with MS VC++ 16.8 / 16.9 (VS2019)

END.
